2025-07-10 23:05:49 [error]: C:\Users\Adrian\Documents\mentitaa\vegetarian_restaurant_backend\src\routes\productoRoutes.js:29
  check('tipo_movimiento').isIn(['entrada', 'salida']).withMessage('El tipo de movimiento debe ser 'entrada' o 'salida'.'),
                                                                   ^^^^^^^^^^^^^^^^^^^^^^^^^^^^^^^^^

SyntaxError: missing ) after argument list
    at wrapSafe (node:internal/modules/cjs/loader:1486:18)
    at Module._compile (node:internal/modules/cjs/loader:1528:20)
    at Object..js (node:internal/modules/cjs/loader:1706:10)
    at Module.load (node:internal/modules/cjs/loader:1289:32)
    at Function._load (node:internal/modules/cjs/loader:1108:12)
    at TracingChannel.traceSync (node:diagnostics_channel:322:14)
    at wrapModuleLoad (node:internal/modules/cjs/loader:220:24)
    at Module.require (node:internal/modules/cjs/loader:1311:12)
    at require (node:internal/modules/helpers:136:16)
    at Object.<anonymous> (C:\Users\Adrian\Documents\mentitaa\vegetarian_restaurant_backend\src\app.js:14:24)
2025-07-10 23:06:09 [error]: C:\Users\Adrian\Documents\mentitaa\vegetarian_restaurant_backend\src\routes\productoRoutes.js:29
  check('tipo_movimiento').isIn(['entrada', 'salida']).withMessage('El tipo de movimiento debe ser 'entrada' o 'salida'.'),
                                                                   ^^^^^^^^^^^^^^^^^^^^^^^^^^^^^^^^^

SyntaxError: missing ) after argument list
    at wrapSafe (node:internal/modules/cjs/loader:1486:18)
    at Module._compile (node:internal/modules/cjs/loader:1528:20)
    at Object..js (node:internal/modules/cjs/loader:1706:10)
    at Module.load (node:internal/modules/cjs/loader:1289:32)
    at Function._load (node:internal/modules/cjs/loader:1108:12)
    at TracingChannel.traceSync (node:diagnostics_channel:322:14)
    at wrapModuleLoad (node:internal/modules/cjs/loader:220:24)
    at Module.require (node:internal/modules/cjs/loader:1311:12)
    at require (node:internal/modules/helpers:136:16)
    at Object.<anonymous> (C:\Users\Adrian\Documents\mentitaa\vegetarian_restaurant_backend\src\app.js:14:24)
2025-07-10 23:06:17 [error]: C:\Users\Adrian\Documents\mentitaa\vegetarian_restaurant_backend\src\routes\productoRoutes.js:29
  check('tipo_movimiento').isIn(['entrada', 'salida']).withMessage('El tipo de movimiento debe ser 'entrada' o 'salida'.'),
                                                                   ^^^^^^^^^^^^^^^^^^^^^^^^^^^^^^^^^

SyntaxError: missing ) after argument list
    at wrapSafe (node:internal/modules/cjs/loader:1486:18)
    at Module._compile (node:internal/modules/cjs/loader:1528:20)
    at Object..js (node:internal/modules/cjs/loader:1706:10)
    at Module.load (node:internal/modules/cjs/loader:1289:32)
    at Function._load (node:internal/modules/cjs/loader:1108:12)
    at TracingChannel.traceSync (node:diagnostics_channel:322:14)
    at wrapModuleLoad (node:internal/modules/cjs/loader:220:24)
    at Module.require (node:internal/modules/cjs/loader:1311:12)
    at require (node:internal/modules/helpers:136:16)
    at Object.<anonymous> (C:\Users\Adrian\Documents\mentitaa\vegetarian_restaurant_backend\src\app.js:14:24)
2025-07-10 23:09:56 [error]: C:\Users\Adrian\Documents\mentitaa\vegetarian_restaurant_backend\src\routes\categoriaRoutes.js:38
router.get('/:id', categoria categoriaController.getCategoriaById);
                   ^^^^^^^^^

SyntaxError: missing ) after argument list
    at wrapSafe (node:internal/modules/cjs/loader:1486:18)
    at Module._compile (node:internal/modules/cjs/loader:1528:20)
    at Object..js (node:internal/modules/cjs/loader:1706:10)
    at Module.load (node:internal/modules/cjs/loader:1289:32)
    at Function._load (node:internal/modules/cjs/loader:1108:12)
    at TracingChannel.traceSync (node:diagnostics_channel:322:14)
    at wrapModuleLoad (node:internal/modules/cjs/loader:220:24)
    at Module.require (node:internal/modules/cjs/loader:1311:12)
    at require (node:internal/modules/helpers:136:16)
    at Object.<anonymous> (C:\Users\Adrian\Documents\mentitaa\vegetarian_restaurant_backend\src\app.js:17:25)
2025-07-10 23:11:16 [error]: C:\Users\Adrian\Documents\mentitaa\vegetarian_restaurant_backend\src\routes\categoriaRoutes.js:38
router.get('/:id', categoria categoriaController.getCategoriaById);
                   ^^^^^^^^^

SyntaxError: missing ) after argument list
    at wrapSafe (node:internal/modules/cjs/loader:1486:18)
    at Module._compile (node:internal/modules/cjs/loader:1528:20)
    at Object..js (node:internal/modules/cjs/loader:1706:10)
    at Module.load (node:internal/modules/cjs/loader:1289:32)
    at Function._load (node:internal/modules/cjs/loader:1108:12)
    at TracingChannel.traceSync (node:diagnostics_channel:322:14)
    at wrapModuleLoad (node:internal/modules/cjs/loader:220:24)
    at Module.require (node:internal/modules/cjs/loader:1311:12)
    at require (node:internal/modules/helpers:136:16)
    at Object.<anonymous> (C:\Users\Adrian\Documents\mentitaa\vegetarian_restaurant_backend\src\app.js:17:25)
2025-07-10 23:12:58 [error]: C:\Users\Adrian\Documents\mentitaa\vegetarian_restaurant_backend\src\routes\categoriaRoutes.js:38
router.get('/:id', categoria categoriaController.getCategoriaById);
                   ^^^^^^^^^

SyntaxError: missing ) after argument list
    at wrapSafe (node:internal/modules/cjs/loader:1486:18)
    at Module._compile (node:internal/modules/cjs/loader:1528:20)
    at Object..js (node:internal/modules/cjs/loader:1706:10)
    at Module.load (node:internal/modules/cjs/loader:1289:32)
    at Function._load (node:internal/modules/cjs/loader:1108:12)
    at TracingChannel.traceSync (node:diagnostics_channel:322:14)
    at wrapModuleLoad (node:internal/modules/cjs/loader:220:24)
    at Module.require (node:internal/modules/cjs/loader:1311:12)
    at require (node:internal/modules/helpers:136:16)
    at Object.<anonymous> (C:\Users\Adrian\Documents\mentitaa\vegetarian_restaurant_backend\src\app.js:17:25)
2025-07-10 23:14:09 [error]: C:\Users\Adrian\Documents\mentitaa\vegetarian_restaurant_backend\src\routes\categoriaRoutes.js:38
router.get('/:id', categoria categoriaController.getCategoriaById);
                   ^^^^^^^^^

SyntaxError: missing ) after argument list
    at wrapSafe (node:internal/modules/cjs/loader:1486:18)
    at Module._compile (node:internal/modules/cjs/loader:1528:20)
    at Object..js (node:internal/modules/cjs/loader:1706:10)
    at Module.load (node:internal/modules/cjs/loader:1289:32)
    at Function._load (node:internal/modules/cjs/loader:1108:12)
    at TracingChannel.traceSync (node:diagnostics_channel:322:14)
    at wrapModuleLoad (node:internal/modules/cjs/loader:220:24)
    at Module.require (node:internal/modules/cjs/loader:1311:12)
    at require (node:internal/modules/helpers:136:16)
    at Object.<anonymous> (C:\Users\Adrian\Documents\mentitaa\vegetarian_restaurant_backend\src\app.js:17:25)
2025-07-10 23:14:14 [error]: Error: Route.post() requires a callback function but got a [object Object]
    at Route.<computed> [as post] (C:\Users\Adrian\Documents\mentitaa\vegetarian_restaurant_backend\node_modules\express\lib\router\route.js:216:15)
    at proto.<computed> [as post] (C:\Users\Adrian\Documents\mentitaa\vegetarian_restaurant_backend\node_modules\express\lib\router\index.js:521:19)
    at Object.<anonymous> (C:\Users\Adrian\Documents\mentitaa\vegetarian_restaurant_backend\src\routes\categoriaRoutes.js:24:8)
    at Module._compile (node:internal/modules/cjs/loader:1554:14)
    at Object..js (node:internal/modules/cjs/loader:1706:10)
    at Module.load (node:internal/modules/cjs/loader:1289:32)
    at Function._load (node:internal/modules/cjs/loader:1108:12)
    at TracingChannel.traceSync (node:diagnostics_channel:322:14)
    at wrapModuleLoad (node:internal/modules/cjs/loader:220:24)
    at Module.require (node:internal/modules/cjs/loader:1311:12)
2025-07-10 23:14:56 [error]: Error: Route.post() requires a callback function but got a [object Object]
    at Route.<computed> [as post] (C:\Users\Adrian\Documents\mentitaa\vegetarian_restaurant_backend\node_modules\express\lib\router\route.js:216:15)
    at proto.<computed> [as post] (C:\Users\Adrian\Documents\mentitaa\vegetarian_restaurant_backend\node_modules\express\lib\router\index.js:521:19)
    at Object.<anonymous> (C:\Users\Adrian\Documents\mentitaa\vegetarian_restaurant_backend\src\routes\categoriaRoutes.js:24:8)
    at Module._compile (node:internal/modules/cjs/loader:1554:14)
    at Object..js (node:internal/modules/cjs/loader:1706:10)
    at Module.load (node:internal/modules/cjs/loader:1289:32)
    at Function._load (node:internal/modules/cjs/loader:1108:12)
    at TracingChannel.traceSync (node:diagnostics_channel:322:14)
    at wrapModuleLoad (node:internal/modules/cjs/loader:220:24)
    at Module.require (node:internal/modules/cjs/loader:1311:12)
2025-07-10 23:15:26 [error]: Error: Route.post() requires a callback function but got a [object Object]
    at Route.<computed> [as post] (C:\Users\Adrian\Documents\mentitaa\vegetarian_restaurant_backend\node_modules\express\lib\router\route.js:216:15)
    at proto.<computed> [as post] (C:\Users\Adrian\Documents\mentitaa\vegetarian_restaurant_backend\node_modules\express\lib\router\index.js:521:19)
    at Object.<anonymous> (C:\Users\Adrian\Documents\mentitaa\vegetarian_restaurant_backend\src\routes\categoriaRoutes.js:24:8)
    at Module._compile (node:internal/modules/cjs/loader:1554:14)
    at Object..js (node:internal/modules/cjs/loader:1706:10)
    at Module.load (node:internal/modules/cjs/loader:1289:32)
    at Function._load (node:internal/modules/cjs/loader:1108:12)
    at TracingChannel.traceSync (node:diagnostics_channel:322:14)
    at wrapModuleLoad (node:internal/modules/cjs/loader:220:24)
    at Module.require (node:internal/modules/cjs/loader:1311:12)
2025-07-10 23:18:54 [error]: Error: Route.post() requires a callback function but got a [object Object]
    at Route.<computed> [as post] (C:\Users\Adrian\Documents\mentitaa\vegetarian_restaurant_backend\node_modules\express\lib\router\route.js:216:15)
    at proto.<computed> [as post] (C:\Users\Adrian\Documents\mentitaa\vegetarian_restaurant_backend\node_modules\express\lib\router\index.js:521:19)
    at Object.<anonymous> (C:\Users\Adrian\Documents\mentitaa\vegetarian_restaurant_backend\src\routes\categoriaRoutes.js:24:8)
    at Module._compile (node:internal/modules/cjs/loader:1554:14)
    at Object..js (node:internal/modules/cjs/loader:1706:10)
    at Module.load (node:internal/modules/cjs/loader:1289:32)
    at Function._load (node:internal/modules/cjs/loader:1108:12)
    at TracingChannel.traceSync (node:diagnostics_channel:322:14)
    at wrapModuleLoad (node:internal/modules/cjs/loader:220:24)
    at Module.require (node:internal/modules/cjs/loader:1311:12)
2025-07-10 23:20:00 [error]: Error: Route.post() requires a callback function but got a [object Object]
    at Route.<computed> [as post] (C:\Users\Adrian\Documents\mentitaa\vegetarian_restaurant_backend\node_modules\express\lib\router\route.js:216:15)
    at proto.<computed> [as post] (C:\Users\Adrian\Documents\mentitaa\vegetarian_restaurant_backend\node_modules\express\lib\router\index.js:521:19)
    at Object.<anonymous> (C:\Users\Adrian\Documents\mentitaa\vegetarian_restaurant_backend\src\routes\categoriaRoutes.js:24:8)
    at Module._compile (node:internal/modules/cjs/loader:1554:14)
    at Object..js (node:internal/modules/cjs/loader:1706:10)
    at Module.load (node:internal/modules/cjs/loader:1289:32)
    at Function._load (node:internal/modules/cjs/loader:1108:12)
    at TracingChannel.traceSync (node:diagnostics_channel:322:14)
    at wrapModuleLoad (node:internal/modules/cjs/loader:220:24)
    at Module.require (node:internal/modules/cjs/loader:1311:12)
2025-07-10 23:20:53 [error]: Error: Route.post() requires a callback function but got a [object Object]
    at Route.<computed> [as post] (C:\Users\Adrian\Documents\mentitaa\vegetarian_restaurant_backend\node_modules\express\lib\router\route.js:216:15)
    at proto.<computed> [as post] (C:\Users\Adrian\Documents\mentitaa\vegetarian_restaurant_backend\node_modules\express\lib\router\index.js:521:19)
    at Object.<anonymous> (C:\Users\Adrian\Documents\mentitaa\vegetarian_restaurant_backend\src\routes\categoriaRoutes.js:24:8)
    at Module._compile (node:internal/modules/cjs/loader:1554:14)
    at Object..js (node:internal/modules/cjs/loader:1706:10)
    at Module.load (node:internal/modules/cjs/loader:1289:32)
    at Function._load (node:internal/modules/cjs/loader:1108:12)
    at TracingChannel.traceSync (node:diagnostics_channel:322:14)
    at wrapModuleLoad (node:internal/modules/cjs/loader:220:24)
    at Module.require (node:internal/modules/cjs/loader:1311:12)
2025-07-10 23:21:25 [error]: Error: Route.post() requires a callback function but got a [object Object]
    at Route.<computed> [as post] (C:\Users\Adrian\Documents\mentitaa\vegetarian_restaurant_backend\node_modules\express\lib\router\route.js:216:15)
    at proto.<computed> [as post] (C:\Users\Adrian\Documents\mentitaa\vegetarian_restaurant_backend\node_modules\express\lib\router\index.js:521:19)
    at Object.<anonymous> (C:\Users\Adrian\Documents\mentitaa\vegetarian_restaurant_backend\src\routes\categoriaRoutes.js:24:8)
    at Module._compile (node:internal/modules/cjs/loader:1554:14)
    at Object..js (node:internal/modules/cjs/loader:1706:10)
    at Module.load (node:internal/modules/cjs/loader:1289:32)
    at Function._load (node:internal/modules/cjs/loader:1108:12)
    at TracingChannel.traceSync (node:diagnostics_channel:322:14)
    at wrapModuleLoad (node:internal/modules/cjs/loader:220:24)
    at Module.require (node:internal/modules/cjs/loader:1311:12)
2025-07-10 23:22:15 [error]: Error: Route.post() requires a callback function but got a [object Object]
    at Route.<computed> [as post] (C:\Users\Adrian\Documents\mentitaa\vegetarian_restaurant_backend\node_modules\express\lib\router\route.js:216:15)
    at proto.<computed> [as post] (C:\Users\Adrian\Documents\mentitaa\vegetarian_restaurant_backend\node_modules\express\lib\router\index.js:521:19)
    at Object.<anonymous> (C:\Users\Adrian\Documents\mentitaa\vegetarian_restaurant_backend\src\routes\categoriaRoutes.js:24:8)
    at Module._compile (node:internal/modules/cjs/loader:1554:14)
    at Object..js (node:internal/modules/cjs/loader:1706:10)
    at Module.load (node:internal/modules/cjs/loader:1289:32)
    at Function._load (node:internal/modules/cjs/loader:1108:12)
    at TracingChannel.traceSync (node:diagnostics_channel:322:14)
    at wrapModuleLoad (node:internal/modules/cjs/loader:220:24)
    at Module.require (node:internal/modules/cjs/loader:1311:12)
2025-07-10 23:23:13 [error]: Error: Route.post() requires a callback function but got a [object Object]
    at Route.<computed> [as post] (C:\Users\Adrian\Documents\mentitaa\vegetarian_restaurant_backend\node_modules\express\lib\router\route.js:216:15)
    at proto.<computed> [as post] (C:\Users\Adrian\Documents\mentitaa\vegetarian_restaurant_backend\node_modules\express\lib\router\index.js:521:19)
    at Object.<anonymous> (C:\Users\Adrian\Documents\mentitaa\vegetarian_restaurant_backend\src\routes\categoriaRoutes.js:30:8)
    at Module._compile (node:internal/modules/cjs/loader:1554:14)
    at Object..js (node:internal/modules/cjs/loader:1706:10)
    at Module.load (node:internal/modules/cjs/loader:1289:32)
    at Function._load (node:internal/modules/cjs/loader:1108:12)
    at TracingChannel.traceSync (node:diagnostics_channel:322:14)
    at wrapModuleLoad (node:internal/modules/cjs/loader:220:24)
    at Module.require (node:internal/modules/cjs/loader:1311:12)
2025-07-10 23:23:21 [error]: Error: Route.put() requires a callback function but got a [object Object]
    at Route.<computed> [as put] (C:\Users\Adrian\Documents\mentitaa\vegetarian_restaurant_backend\node_modules\express\lib\router\route.js:216:15)
    at proto.<computed> [as put] (C:\Users\Adrian\Documents\mentitaa\vegetarian_restaurant_backend\node_modules\express\lib\router\index.js:521:19)
    at Object.<anonymous> (C:\Users\Adrian\Documents\mentitaa\vegetarian_restaurant_backend\src\routes\categoriaRoutes.js:47:8)
    at Module._compile (node:internal/modules/cjs/loader:1554:14)
    at Object..js (node:internal/modules/cjs/loader:1706:10)
    at Module.load (node:internal/modules/cjs/loader:1289:32)
    at Function._load (node:internal/modules/cjs/loader:1108:12)
    at TracingChannel.traceSync (node:diagnostics_channel:322:14)
    at wrapModuleLoad (node:internal/modules/cjs/loader:220:24)
    at Module.require (node:internal/modules/cjs/loader:1311:12)
2025-07-10 23:23:27 [error]: Error: Route.delete() requires a callback function but got a [object Object]
    at Route.<computed> [as delete] (C:\Users\Adrian\Documents\mentitaa\vegetarian_restaurant_backend\node_modules\express\lib\router\route.js:216:15)
    at proto.<computed> [as delete] (C:\Users\Adrian\Documents\mentitaa\vegetarian_restaurant_backend\node_modules\express\lib\router\index.js:521:19)
    at Object.<anonymous> (C:\Users\Adrian\Documents\mentitaa\vegetarian_restaurant_backend\src\routes\categoriaRoutes.js:50:14)
    at Module._compile (node:internal/modules/cjs/loader:1554:14)
    at Object..js (node:internal/modules/cjs/loader:1706:10)
    at Module.load (node:internal/modules/cjs/loader:1289:32)
    at Function._load (node:internal/modules/cjs/loader:1108:12)
    at TracingChannel.traceSync (node:diagnostics_channel:322:14)
    at wrapModuleLoad (node:internal/modules/cjs/loader:220:24)
    at Module.require (node:internal/modules/cjs/loader:1311:12)
2025-07-10 23:23:32 [error]: Error: Route.post() requires a callback function but got a [object Object]
    at Route.<computed> [as post] (C:\Users\Adrian\Documents\mentitaa\vegetarian_restaurant_backend\node_modules\express\lib\router\route.js:216:15)
    at proto.<computed> [as post] (C:\Users\Adrian\Documents\mentitaa\vegetarian_restaurant_backend\node_modules\express\lib\router\index.js:521:19)
    at Object.<anonymous> (C:\Users\Adrian\Documents\mentitaa\vegetarian_restaurant_backend\src\routes\productoRoutes.js:39:8)
    at Module._compile (node:internal/modules/cjs/loader:1554:14)
    at Object..js (node:internal/modules/cjs/loader:1706:10)
    at Module.load (node:internal/modules/cjs/loader:1289:32)
    at Function._load (node:internal/modules/cjs/loader:1108:12)
    at TracingChannel.traceSync (node:diagnostics_channel:322:14)
    at wrapModuleLoad (node:internal/modules/cjs/loader:220:24)
    at Module.require (node:internal/modules/cjs/loader:1311:12)
2025-07-10 23:23:38 [error]: Error: Route.post() requires a callback function but got a [object Object]
    at Route.<computed> [as post] (C:\Users\Adrian\Documents\mentitaa\vegetarian_restaurant_backend\node_modules\express\lib\router\route.js:216:15)
    at proto.<computed> [as post] (C:\Users\Adrian\Documents\mentitaa\vegetarian_restaurant_backend\node_modules\express\lib\router\index.js:521:19)
    at Object.<anonymous> (C:\Users\Adrian\Documents\mentitaa\vegetarian_restaurant_backend\src\routes\productoRoutes.js:45:8)
    at Module._compile (node:internal/modules/cjs/loader:1554:14)
    at Object..js (node:internal/modules/cjs/loader:1706:10)
    at Module.load (node:internal/modules/cjs/loader:1289:32)
    at Function._load (node:internal/modules/cjs/loader:1108:12)
    at TracingChannel.traceSync (node:diagnostics_channel:322:14)
    at wrapModuleLoad (node:internal/modules/cjs/loader:220:24)
    at Module.require (node:internal/modules/cjs/loader:1311:12)
2025-07-10 23:23:44 [error]: Error: Route.put() requires a callback function but got a [object Object]
    at Route.<computed> [as put] (C:\Users\Adrian\Documents\mentitaa\vegetarian_restaurant_backend\node_modules\express\lib\router\route.js:216:15)
    at proto.<computed> [as put] (C:\Users\Adrian\Documents\mentitaa\vegetarian_restaurant_backend\node_modules\express\lib\router\index.js:521:19)
    at Object.<anonymous> (C:\Users\Adrian\Documents\mentitaa\vegetarian_restaurant_backend\src\routes\productoRoutes.js:48:8)
    at Module._compile (node:internal/modules/cjs/loader:1554:14)
    at Object..js (node:internal/modules/cjs/loader:1706:10)
    at Module.load (node:internal/modules/cjs/loader:1289:32)
    at Function._load (node:internal/modules/cjs/loader:1108:12)
    at TracingChannel.traceSync (node:diagnostics_channel:322:14)
    at wrapModuleLoad (node:internal/modules/cjs/loader:220:24)
    at Module.require (node:internal/modules/cjs/loader:1311:12)
2025-07-10 23:23:50 [error]: Error: Route.delete() requires a callback function but got a [object Object]
    at Route.<computed> [as delete] (C:\Users\Adrian\Documents\mentitaa\vegetarian_restaurant_backend\node_modules\express\lib\router\route.js:216:15)
    at proto.<computed> [as delete] (C:\Users\Adrian\Documents\mentitaa\vegetarian_restaurant_backend\node_modules\express\lib\router\index.js:521:19)
    at Object.<anonymous> (C:\Users\Adrian\Documents\mentitaa\vegetarian_restaurant_backend\src\routes\productoRoutes.js:51:14)
    at Module._compile (node:internal/modules/cjs/loader:1554:14)
    at Object..js (node:internal/modules/cjs/loader:1706:10)
    at Module.load (node:internal/modules/cjs/loader:1289:32)
    at Function._load (node:internal/modules/cjs/loader:1108:12)
    at TracingChannel.traceSync (node:diagnostics_channel:322:14)
    at wrapModuleLoad (node:internal/modules/cjs/loader:220:24)
    at Module.require (node:internal/modules/cjs/loader:1311:12)
2025-07-10 23:23:56 [error]: Error: Route.post() requires a callback function but got a [object Object]
    at Route.<computed> [as post] (C:\Users\Adrian\Documents\mentitaa\vegetarian_restaurant_backend\node_modules\express\lib\router\route.js:216:15)
    at proto.<computed> [as post] (C:\Users\Adrian\Documents\mentitaa\vegetarian_restaurant_backend\node_modules\express\lib\router\index.js:521:19)
    at Object.<anonymous> (C:\Users\Adrian\Documents\mentitaa\vegetarian_restaurant_backend\src\routes\productoRoutes.js:55:8)
    at Module._compile (node:internal/modules/cjs/loader:1554:14)
    at Object..js (node:internal/modules/cjs/loader:1706:10)
    at Module.load (node:internal/modules/cjs/loader:1289:32)
    at Function._load (node:internal/modules/cjs/loader:1108:12)
    at TracingChannel.traceSync (node:diagnostics_channel:322:14)
    at wrapModuleLoad (node:internal/modules/cjs/loader:220:24)
    at Module.require (node:internal/modules/cjs/loader:1311:12)
2025-07-10 23:24:18 [error]: Error: listen EADDRINUSE: address already in use :::3000
    at Server.setupListenHandle [as _listen2] (node:net:1937:16)
    at listenInCluster (node:net:1994:12)
    at Server.listen (node:net:2099:7)
    at Function.listen (C:\Users\Adrian\Documents\mentitaa\vegetarian_restaurant_backend\node_modules\express\lib\application.js:635:24)
    at Object.<anonymous> (C:\Users\Adrian\Documents\mentitaa\vegetarian_restaurant_backend\src\server.js:7:20)
    at Module._compile (node:internal/modules/cjs/loader:1554:14)
    at Object..js (node:internal/modules/cjs/loader:1706:10)
    at Module.load (node:internal/modules/cjs/loader:1289:32)
    at Function._load (node:internal/modules/cjs/loader:1108:12)
    at TracingChannel.traceSync (node:diagnostics_channel:322:14)
2025-07-10 23:25:04 [error]: Error: listen EADDRINUSE: address already in use :::3000
    at Server.setupListenHandle [as _listen2] (node:net:1937:16)
    at listenInCluster (node:net:1994:12)
    at Server.listen (node:net:2099:7)
    at Function.listen (C:\Users\Adrian\Documents\mentitaa\vegetarian_restaurant_backend\node_modules\express\lib\application.js:635:24)
    at Object.<anonymous> (C:\Users\Adrian\Documents\mentitaa\vegetarian_restaurant_backend\src\server.js:10:20)
    at Module._compile (node:internal/modules/cjs/loader:1554:14)
    at Object..js (node:internal/modules/cjs/loader:1706:10)
    at Module.load (node:internal/modules/cjs/loader:1289:32)
    at Function._load (node:internal/modules/cjs/loader:1108:12)
    at TracingChannel.traceSync (node:diagnostics_channel:322:14)
2025-07-10 23:25:47 [error]: Error: listen EADDRINUSE: address already in use :::3000
    at Server.setupListenHandle [as _listen2] (node:net:1937:16)
    at listenInCluster (node:net:1994:12)
    at Server.listen (node:net:2099:7)
    at Function.listen (C:\Users\Adrian\Documents\mentitaa\vegetarian_restaurant_backend\node_modules\express\lib\application.js:635:24)
    at Object.<anonymous> (C:\Users\Adrian\Documents\mentitaa\vegetarian_restaurant_backend\src\server.js:10:20)
    at Module._compile (node:internal/modules/cjs/loader:1554:14)
    at Object..js (node:internal/modules/cjs/loader:1706:10)
    at Module.load (node:internal/modules/cjs/loader:1289:32)
    at Function._load (node:internal/modules/cjs/loader:1108:12)
    at TracingChannel.traceSync (node:diagnostics_channel:322:14)
2025-07-10 23:26:42 [error]: Error: listen EADDRINUSE: address already in use :::3000
    at Server.setupListenHandle [as _listen2] (node:net:1937:16)
    at listenInCluster (node:net:1994:12)
    at Server.listen (node:net:2099:7)
    at Function.listen (C:\Users\Adrian\Documents\mentitaa\vegetarian_restaurant_backend\node_modules\express\lib\application.js:635:24)
    at Object.<anonymous> (C:\Users\Adrian\Documents\mentitaa\vegetarian_restaurant_backend\src\server.js:10:20)
    at Module._compile (node:internal/modules/cjs/loader:1554:14)
    at Object..js (node:internal/modules/cjs/loader:1706:10)
    at Module.load (node:internal/modules/cjs/loader:1289:32)
    at Function._load (node:internal/modules/cjs/loader:1108:12)
    at TracingChannel.traceSync (node:diagnostics_channel:322:14)
2025-07-10 23:27:09 [error]: Error: listen EADDRINUSE: address already in use :::3000
    at Server.setupListenHandle [as _listen2] (node:net:1937:16)
    at listenInCluster (node:net:1994:12)
    at Server.listen (node:net:2099:7)
    at Function.listen (C:\Users\Adrian\Documents\mentitaa\vegetarian_restaurant_backend\node_modules\express\lib\application.js:635:24)
    at Object.<anonymous> (C:\Users\Adrian\Documents\mentitaa\vegetarian_restaurant_backend\src\server.js:10:20)
    at Module._compile (node:internal/modules/cjs/loader:1554:14)
    at Object..js (node:internal/modules/cjs/loader:1706:10)
    at Module.load (node:internal/modules/cjs/loader:1289:32)
    at Function._load (node:internal/modules/cjs/loader:1108:12)
    at TracingChannel.traceSync (node:diagnostics_channel:322:14)
2025-07-10 23:34:26 [error]: Error: listen EADDRINUSE: address already in use :::3000
    at Server.setupListenHandle [as _listen2] (node:net:1937:16)
    at listenInCluster (node:net:1994:12)
    at Server.listen (node:net:2099:7)
    at Function.listen (C:\Users\Adrian\Documents\mentitaa\vegetarian_restaurant_backend\node_modules\express\lib\application.js:635:24)
    at Object.<anonymous> (C:\Users\Adrian\Documents\mentitaa\vegetarian_restaurant_backend\src\server.js:10:20)
    at Module._compile (node:internal/modules/cjs/loader:1554:14)
    at Object..js (node:internal/modules/cjs/loader:1706:10)
    at Module.load (node:internal/modules/cjs/loader:1289:32)
    at Function._load (node:internal/modules/cjs/loader:1108:12)
    at TracingChannel.traceSync (node:diagnostics_channel:322:14)
2025-07-10 23:34:49 [error]: Error: listen EADDRINUSE: address already in use :::3000
    at Server.setupListenHandle [as _listen2] (node:net:1937:16)
    at listenInCluster (node:net:1994:12)
    at Server.listen (node:net:2099:7)
    at Function.listen (C:\Users\Adrian\Documents\mentitaa\vegetarian_restaurant_backend\node_modules\express\lib\application.js:635:24)
    at Object.<anonymous> (C:\Users\Adrian\Documents\mentitaa\vegetarian_restaurant_backend\src\server.js:10:20)
    at Module._compile (node:internal/modules/cjs/loader:1554:14)
    at Object..js (node:internal/modules/cjs/loader:1706:10)
    at Module.load (node:internal/modules/cjs/loader:1289:32)
    at Function._load (node:internal/modules/cjs/loader:1108:12)
    at TracingChannel.traceSync (node:diagnostics_channel:322:14)
2025-07-10 23:45:33 [error]: Error: listen EADDRINUSE: address already in use :::3001
    at Server.setupListenHandle [as _listen2] (node:net:1937:16)
    at listenInCluster (node:net:1994:12)
    at Server.listen (node:net:2099:7)
    at Function.listen (C:\Users\Adrian\Documents\mentitaa\vegetarian_restaurant_backend\node_modules\express\lib\application.js:635:24)
    at Object.<anonymous> (C:\Users\Adrian\Documents\mentitaa\vegetarian_restaurant_backend\src\server.js:10:20)
    at Module._compile (node:internal/modules/cjs/loader:1554:14)
    at Object..js (node:internal/modules/cjs/loader:1706:10)
    at Module.load (node:internal/modules/cjs/loader:1289:32)
    at Function._load (node:internal/modules/cjs/loader:1108:12)
    at TracingChannel.traceSync (node:diagnostics_channel:322:14)
2025-07-11 00:20:01 [error]: Error: listen EADDRINUSE: address already in use :::3000
    at Server.setupListenHandle [as _listen2] (node:net:1937:16)
    at listenInCluster (node:net:1994:12)
    at Server.listen (node:net:2099:7)
    at Function.listen (C:\Users\Adrian\Documents\mentitaa\vegetarian_restaurant_backend\node_modules\express\lib\application.js:635:24)
    at Object.<anonymous> (C:\Users\Adrian\Documents\mentitaa\vegetarian_restaurant_backend\src\server.js:10:20)
    at Module._compile (node:internal/modules/cjs/loader:1554:14)
    at Object..js (node:internal/modules/cjs/loader:1706:10)
    at Module.load (node:internal/modules/cjs/loader:1289:32)
    at Function._load (node:internal/modules/cjs/loader:1108:12)
    at TracingChannel.traceSync (node:diagnostics_channel:322:14)
2025-07-11 00:31:30 [error]: Error: listen EADDRINUSE: address already in use :::3000
    at Server.setupListenHandle [as _listen2] (node:net:1937:16)
    at listenInCluster (node:net:1994:12)
    at Server.listen (node:net:2099:7)
    at Function.listen (C:\Users\Adrian\Documents\mentitaa\vegetarian_restaurant_backend\node_modules\express\lib\application.js:635:24)
    at Object.<anonymous> (C:\Users\Adrian\Documents\mentitaa\vegetarian_restaurant_backend\src\server.js:10:20)
    at Module._compile (node:internal/modules/cjs/loader:1554:14)
    at Object..js (node:internal/modules/cjs/loader:1706:10)
    at Module.load (node:internal/modules/cjs/loader:1289:32)
    at Function._load (node:internal/modules/cjs/loader:1108:12)
    at TracingChannel.traceSync (node:diagnostics_channel:322:14)
2025-07-11 00:34:36 [error]: Error: EPIPE: broken pipe, write
    at Socket._write (node:internal/net:63:18)
    at writeOrBuffer (node:internal/streams/writable:572:12)
    at _write (node:internal/streams/writable:501:10)
    at Writable.write (node:internal/streams/writable:510:10)
    at Console.log (C:\Users\Adrian\Documents\mentitaa\vegetarian_restaurant_backend\node_modules\winston\lib\winston\transports\console.js:87:23)
    at Console._write (C:\Users\Adrian\Documents\mentitaa\vegetarian_restaurant_backend\node_modules\winston-transport\modern.js:103:17)
    at doWrite (C:\Users\Adrian\Documents\mentitaa\vegetarian_restaurant_backend\node_modules\readable-stream\lib\_stream_writable.js:390:139)
    at writeOrBuffer (C:\Users\Adrian\Documents\mentitaa\vegetarian_restaurant_backend\node_modules\readable-stream\lib\_stream_writable.js:381:5)
    at Writable.write (C:\Users\Adrian\Documents\mentitaa\vegetarian_restaurant_backend\node_modules\readable-stream\lib\_stream_writable.js:302:11)
    at DerivedLogger.ondata (C:\Users\Adrian\Documents\mentitaa\vegetarian_restaurant_backend\node_modules\readable-stream\lib\_stream_readable.js:629:20)
2025-07-11 14:21:16 [error]: Error: listen EADDRINUSE: address already in use :::3000
    at Server.setupListenHandle [as _listen2] (node:net:1937:16)
    at listenInCluster (node:net:1994:12)
    at Server.listen (node:net:2099:7)
    at Function.listen (C:\Users\Adrian\Documents\mentitaa\vegetarian_restaurant_backend\node_modules\express\lib\application.js:635:24)
    at Object.<anonymous> (C:\Users\Adrian\Documents\mentitaa\vegetarian_restaurant_backend\src\server.js:10:20)
    at Module._compile (node:internal/modules/cjs/loader:1554:14)
    at Object..js (node:internal/modules/cjs/loader:1706:10)
    at Module.load (node:internal/modules/cjs/loader:1289:32)
    at Function._load (node:internal/modules/cjs/loader:1108:12)
    at TracingChannel.traceSync (node:diagnostics_channel:322:14)
2025-07-11 14:23:56 [error]: Error: listen EADDRINUSE: address already in use :::3000
    at Server.setupListenHandle [as _listen2] (node:net:1937:16)
    at listenInCluster (node:net:1994:12)
    at Server.listen (node:net:2099:7)
    at Function.listen (C:\Users\Adrian\Documents\mentitaa\vegetarian_restaurant_backend\node_modules\express\lib\application.js:635:24)
    at Object.<anonymous> (C:\Users\Adrian\Documents\mentitaa\vegetarian_restaurant_backend\src\server.js:10:20)
    at Module._compile (node:internal/modules/cjs/loader:1554:14)
    at Object..js (node:internal/modules/cjs/loader:1706:10)
    at Module.load (node:internal/modules/cjs/loader:1289:32)
    at Function._load (node:internal/modules/cjs/loader:1108:12)
    at TracingChannel.traceSync (node:diagnostics_channel:322:14)
2025-07-11 14:24:07 [error]: Error: listen EADDRINUSE: address already in use :::3000
    at Server.setupListenHandle [as _listen2] (node:net:1937:16)
    at listenInCluster (node:net:1994:12)
    at Server.listen (node:net:2099:7)
    at Function.listen (C:\Users\Adrian\Documents\mentitaa\vegetarian_restaurant_backend\node_modules\express\lib\application.js:635:24)
    at Object.<anonymous> (C:\Users\Adrian\Documents\mentitaa\vegetarian_restaurant_backend\src\server.js:10:20)
    at Module._compile (node:internal/modules/cjs/loader:1554:14)
    at Object..js (node:internal/modules/cjs/loader:1706:10)
    at Module.load (node:internal/modules/cjs/loader:1289:32)
    at Function._load (node:internal/modules/cjs/loader:1108:12)
    at TracingChannel.traceSync (node:diagnostics_channel:322:14)
2025-07-11 17:27:16 [error]: Error: listen EADDRINUSE: address already in use :::3000
    at Server.setupListenHandle [as _listen2] (node:net:1937:16)
    at listenInCluster (node:net:1994:12)
    at Server.listen (node:net:2099:7)
    at Function.listen (C:\Users\Adrian\Documents\mentitaa\vegetarian_restaurant_backend\node_modules\express\lib\application.js:635:24)
    at Object.<anonymous> (C:\Users\Adrian\Documents\mentitaa\vegetarian_restaurant_backend\src\server.js:10:20)
    at Module._compile (node:internal/modules/cjs/loader:1554:14)
    at Object..js (node:internal/modules/cjs/loader:1706:10)
    at Module.load (node:internal/modules/cjs/loader:1289:32)
    at Function._load (node:internal/modules/cjs/loader:1108:12)
    at TracingChannel.traceSync (node:diagnostics_channel:322:14)
2025-07-11 17:27:28 [error]: Error: listen EADDRINUSE: address already in use :::3000
    at Server.setupListenHandle [as _listen2] (node:net:1937:16)
    at listenInCluster (node:net:1994:12)
    at Server.listen (node:net:2099:7)
    at Function.listen (C:\Users\Adrian\Documents\mentitaa\vegetarian_restaurant_backend\node_modules\express\lib\application.js:635:24)
    at Object.<anonymous> (C:\Users\Adrian\Documents\mentitaa\vegetarian_restaurant_backend\src\server.js:10:20)
    at Module._compile (node:internal/modules/cjs/loader:1554:14)
    at Object..js (node:internal/modules/cjs/loader:1706:10)
    at Module.load (node:internal/modules/cjs/loader:1289:32)
    at Function._load (node:internal/modules/cjs/loader:1108:12)
    at TracingChannel.traceSync (node:diagnostics_channel:322:14)
2025-07-11 17:27:37 [error]: Error: listen EADDRINUSE: address already in use :::3000
    at Server.setupListenHandle [as _listen2] (node:net:1937:16)
    at listenInCluster (node:net:1994:12)
    at Server.listen (node:net:2099:7)
    at Function.listen (C:\Users\Adrian\Documents\mentitaa\vegetarian_restaurant_backend\node_modules\express\lib\application.js:635:24)
    at Object.<anonymous> (C:\Users\Adrian\Documents\mentitaa\vegetarian_restaurant_backend\src\server.js:10:20)
    at Module._compile (node:internal/modules/cjs/loader:1554:14)
    at Object..js (node:internal/modules/cjs/loader:1706:10)
    at Module.load (node:internal/modules/cjs/loader:1289:32)
    at Function._load (node:internal/modules/cjs/loader:1108:12)
    at TracingChannel.traceSync (node:diagnostics_channel:322:14)
2025-07-11 17:32:54 [error]: Error: listen EADDRINUSE: address already in use :::3000
    at Server.setupListenHandle [as _listen2] (node:net:1937:16)
    at listenInCluster (node:net:1994:12)
    at Server.listen (node:net:2099:7)
    at Function.listen (C:\Users\Adrian\Documents\mentitaa\vegetarian_restaurant_backend\node_modules\express\lib\application.js:635:24)
    at Object.<anonymous> (C:\Users\Adrian\Documents\mentitaa\vegetarian_restaurant_backend\src\server.js:10:20)
    at Module._compile (node:internal/modules/cjs/loader:1554:14)
    at Object..js (node:internal/modules/cjs/loader:1706:10)
    at Module.load (node:internal/modules/cjs/loader:1289:32)
    at Function._load (node:internal/modules/cjs/loader:1108:12)
    at TracingChannel.traceSync (node:diagnostics_channel:322:14)
2025-07-11 17:33:32 [error]: Error: listen EADDRINUSE: address already in use :::3000
    at Server.setupListenHandle [as _listen2] (node:net:1937:16)
    at listenInCluster (node:net:1994:12)
    at Server.listen (node:net:2099:7)
    at Function.listen (C:\Users\Adrian\Documents\mentitaa\vegetarian_restaurant_backend\node_modules\express\lib\application.js:635:24)
    at Object.<anonymous> (C:\Users\Adrian\Documents\mentitaa\vegetarian_restaurant_backend\src\server.js:10:20)
    at Module._compile (node:internal/modules/cjs/loader:1554:14)
    at Object..js (node:internal/modules/cjs/loader:1706:10)
    at Module.load (node:internal/modules/cjs/loader:1289:32)
    at Function._load (node:internal/modules/cjs/loader:1108:12)
    at TracingChannel.traceSync (node:diagnostics_channel:322:14)
2025-07-11 17:51:35 [error]: Error: listen EADDRINUSE: address already in use :::3000
    at Server.setupListenHandle [as _listen2] (node:net:1937:16)
    at listenInCluster (node:net:1994:12)
    at Server.listen (node:net:2099:7)
    at Function.listen (C:\Users\Adrian\Documents\mentitaa\vegetarian_restaurant_backend\node_modules\express\lib\application.js:635:24)
    at Object.<anonymous> (C:\Users\Adrian\Documents\mentitaa\vegetarian_restaurant_backend\src\server.js:10:20)
    at Module._compile (node:internal/modules/cjs/loader:1554:14)
    at Object..js (node:internal/modules/cjs/loader:1706:10)
    at Module.load (node:internal/modules/cjs/loader:1289:32)
    at Function._load (node:internal/modules/cjs/loader:1108:12)
    at TracingChannel.traceSync (node:diagnostics_channel:322:14)
2025-07-11 17:57:50 [error]: Error: listen EADDRINUSE: address already in use :::3000
    at Server.setupListenHandle [as _listen2] (node:net:1937:16)
    at listenInCluster (node:net:1994:12)
    at Server.listen (node:net:2099:7)
    at Function.listen (C:\Users\Adrian\Documents\mentitaa\vegetarian_restaurant_backend\node_modules\express\lib\application.js:635:24)
    at Object.<anonymous> (C:\Users\Adrian\Documents\mentitaa\vegetarian_restaurant_backend\src\server.js:10:20)
    at Module._compile (node:internal/modules/cjs/loader:1554:14)
    at Object..js (node:internal/modules/cjs/loader:1706:10)
    at Module.load (node:internal/modules/cjs/loader:1289:32)
    at Function._load (node:internal/modules/cjs/loader:1108:12)
    at TracingChannel.traceSync (node:diagnostics_channel:322:14)
2025-07-11 18:00:26 [error]: Error: listen EADDRINUSE: address already in use :::3000
    at Server.setupListenHandle [as _listen2] (node:net:1937:16)
    at listenInCluster (node:net:1994:12)
    at Server.listen (node:net:2099:7)
    at Function.listen (C:\Users\Adrian\Documents\mentitaa\vegetarian_restaurant_backend\node_modules\express\lib\application.js:635:24)
    at Object.<anonymous> (C:\Users\Adrian\Documents\mentitaa\vegetarian_restaurant_backend\src\server.js:10:20)
    at Module._compile (node:internal/modules/cjs/loader:1554:14)
    at Object..js (node:internal/modules/cjs/loader:1706:10)
    at Module.load (node:internal/modules/cjs/loader:1289:32)
    at Function._load (node:internal/modules/cjs/loader:1108:12)
    at TracingChannel.traceSync (node:diagnostics_channel:322:14)
2025-07-11 18:27:58 [error]: Error: listen EADDRINUSE: address already in use :::3000
    at Server.setupListenHandle [as _listen2] (node:net:1937:16)
    at listenInCluster (node:net:1994:12)
    at Server.listen (node:net:2099:7)
    at Function.listen (C:\Users\Adrian\Documents\mentitaa\vegetarian_restaurant_backend\node_modules\express\lib\application.js:635:24)
    at Object.<anonymous> (C:\Users\Adrian\Documents\mentitaa\vegetarian_restaurant_backend\src\server.js:10:20)
    at Module._compile (node:internal/modules/cjs/loader:1554:14)
    at Object..js (node:internal/modules/cjs/loader:1706:10)
    at Module.load (node:internal/modules/cjs/loader:1289:32)
    at Function._load (node:internal/modules/cjs/loader:1108:12)
    at TracingChannel.traceSync (node:diagnostics_channel:322:14)
2025-07-11 18:28:17 [error]: Error: listen EADDRINUSE: address already in use :::3000
    at Server.setupListenHandle [as _listen2] (node:net:1937:16)
    at listenInCluster (node:net:1994:12)
    at Server.listen (node:net:2099:7)
    at Function.listen (C:\Users\Adrian\Documents\mentitaa\vegetarian_restaurant_backend\node_modules\express\lib\application.js:635:24)
    at Object.<anonymous> (C:\Users\Adrian\Documents\mentitaa\vegetarian_restaurant_backend\src\server.js:10:20)
    at Module._compile (node:internal/modules/cjs/loader:1554:14)
    at Object..js (node:internal/modules/cjs/loader:1706:10)
    at Module.load (node:internal/modules/cjs/loader:1289:32)
    at Function._load (node:internal/modules/cjs/loader:1108:12)
    at TracingChannel.traceSync (node:diagnostics_channel:322:14)
2025-07-11 18:28:30 [error]: Error: listen EADDRINUSE: address already in use :::3000
    at Server.setupListenHandle [as _listen2] (node:net:1937:16)
    at listenInCluster (node:net:1994:12)
    at Server.listen (node:net:2099:7)
    at Function.listen (C:\Users\Adrian\Documents\mentitaa\vegetarian_restaurant_backend\node_modules\express\lib\application.js:635:24)
    at Object.<anonymous> (C:\Users\Adrian\Documents\mentitaa\vegetarian_restaurant_backend\src\server.js:10:20)
    at Module._compile (node:internal/modules/cjs/loader:1554:14)
    at Object..js (node:internal/modules/cjs/loader:1706:10)
    at Module.load (node:internal/modules/cjs/loader:1289:32)
    at Function._load (node:internal/modules/cjs/loader:1108:12)
    at TracingChannel.traceSync (node:diagnostics_channel:322:14)
2025-07-11 18:32:38 [error]: Error: listen EADDRINUSE: address already in use :::3000
    at Server.setupListenHandle [as _listen2] (node:net:1937:16)
    at listenInCluster (node:net:1994:12)
    at Server.listen (node:net:2099:7)
    at Function.listen (C:\Users\Adrian\Documents\mentitaa\vegetarian_restaurant_backend\node_modules\express\lib\application.js:635:24)
    at Object.<anonymous> (C:\Users\Adrian\Documents\mentitaa\vegetarian_restaurant_backend\src\server.js:10:20)
    at Module._compile (node:internal/modules/cjs/loader:1554:14)
    at Object..js (node:internal/modules/cjs/loader:1706:10)
    at Module.load (node:internal/modules/cjs/loader:1289:32)
    at Function._load (node:internal/modules/cjs/loader:1108:12)
    at TracingChannel.traceSync (node:diagnostics_channel:322:14)
2025-07-11 18:32:52 [error]: Error: listen EADDRINUSE: address already in use :::3000
    at Server.setupListenHandle [as _listen2] (node:net:1937:16)
    at listenInCluster (node:net:1994:12)
    at Server.listen (node:net:2099:7)
    at Function.listen (C:\Users\Adrian\Documents\mentitaa\vegetarian_restaurant_backend\node_modules\express\lib\application.js:635:24)
    at Object.<anonymous> (C:\Users\Adrian\Documents\mentitaa\vegetarian_restaurant_backend\src\server.js:10:20)
    at Module._compile (node:internal/modules/cjs/loader:1554:14)
    at Object..js (node:internal/modules/cjs/loader:1706:10)
    at Module.load (node:internal/modules/cjs/loader:1289:32)
    at Function._load (node:internal/modules/cjs/loader:1108:12)
    at TracingChannel.traceSync (node:diagnostics_channel:322:14)
2025-07-11 18:35:28 [error]: Error: listen EADDRINUSE: address already in use :::3000
    at Server.setupListenHandle [as _listen2] (node:net:1937:16)
    at listenInCluster (node:net:1994:12)
    at Server.listen (node:net:2099:7)
    at Function.listen (C:\Users\Adrian\Documents\mentitaa\vegetarian_restaurant_backend\node_modules\express\lib\application.js:635:24)
    at Object.<anonymous> (C:\Users\Adrian\Documents\mentitaa\vegetarian_restaurant_backend\src\server.js:10:20)
    at Module._compile (node:internal/modules/cjs/loader:1554:14)
    at Object..js (node:internal/modules/cjs/loader:1706:10)
    at Module.load (node:internal/modules/cjs/loader:1289:32)
    at Function._load (node:internal/modules/cjs/loader:1108:12)
    at TracingChannel.traceSync (node:diagnostics_channel:322:14)
2025-07-11 18:35:38 [error]: Error: listen EADDRINUSE: address already in use :::3000
    at Server.setupListenHandle [as _listen2] (node:net:1937:16)
    at listenInCluster (node:net:1994:12)
    at Server.listen (node:net:2099:7)
    at Function.listen (C:\Users\Adrian\Documents\mentitaa\vegetarian_restaurant_backend\node_modules\express\lib\application.js:635:24)
    at Object.<anonymous> (C:\Users\Adrian\Documents\mentitaa\vegetarian_restaurant_backend\src\server.js:10:20)
    at Module._compile (node:internal/modules/cjs/loader:1554:14)
    at Object..js (node:internal/modules/cjs/loader:1706:10)
    at Module.load (node:internal/modules/cjs/loader:1289:32)
    at Function._load (node:internal/modules/cjs/loader:1108:12)
    at TracingChannel.traceSync (node:diagnostics_channel:322:14)
2025-07-11 18:40:12 [error]: Error: listen EADDRINUSE: address already in use :::3000
    at Server.setupListenHandle [as _listen2] (node:net:1937:16)
    at listenInCluster (node:net:1994:12)
    at Server.listen (node:net:2099:7)
    at Function.listen (C:\Users\Adrian\Documents\mentitaa\vegetarian_restaurant_backend\node_modules\express\lib\application.js:635:24)
    at Object.<anonymous> (C:\Users\Adrian\Documents\mentitaa\vegetarian_restaurant_backend\src\server.js:10:20)
    at Module._compile (node:internal/modules/cjs/loader:1554:14)
    at Object..js (node:internal/modules/cjs/loader:1706:10)
    at Module.load (node:internal/modules/cjs/loader:1289:32)
    at Function._load (node:internal/modules/cjs/loader:1108:12)
    at TracingChannel.traceSync (node:diagnostics_channel:322:14)
2025-07-11 18:40:21 [error]: Error: listen EADDRINUSE: address already in use :::3000
    at Server.setupListenHandle [as _listen2] (node:net:1937:16)
    at listenInCluster (node:net:1994:12)
    at Server.listen (node:net:2099:7)
    at Function.listen (C:\Users\Adrian\Documents\mentitaa\vegetarian_restaurant_backend\node_modules\express\lib\application.js:635:24)
    at Object.<anonymous> (C:\Users\Adrian\Documents\mentitaa\vegetarian_restaurant_backend\src\server.js:10:20)
    at Module._compile (node:internal/modules/cjs/loader:1554:14)
    at Object..js (node:internal/modules/cjs/loader:1706:10)
    at Module.load (node:internal/modules/cjs/loader:1289:32)
    at Function._load (node:internal/modules/cjs/loader:1108:12)
    at TracingChannel.traceSync (node:diagnostics_channel:322:14)
2025-07-11 18:49:03 [error]: Error: listen EADDRINUSE: address already in use :::3000
    at Server.setupListenHandle [as _listen2] (node:net:1937:16)
    at listenInCluster (node:net:1994:12)
    at Server.listen (node:net:2099:7)
    at Function.listen (C:\Users\Adrian\Documents\mentitaa\vegetarian_restaurant_backend\node_modules\express\lib\application.js:635:24)
    at Object.<anonymous> (C:\Users\Adrian\Documents\mentitaa\vegetarian_restaurant_backend\src\server.js:10:20)
    at Module._compile (node:internal/modules/cjs/loader:1554:14)
    at Object..js (node:internal/modules/cjs/loader:1706:10)
    at Module.load (node:internal/modules/cjs/loader:1289:32)
    at Function._load (node:internal/modules/cjs/loader:1108:12)
    at TracingChannel.traceSync (node:diagnostics_channel:322:14)
2025-07-11 18:49:16 [error]: Error: listen EADDRINUSE: address already in use :::3000
    at Server.setupListenHandle [as _listen2] (node:net:1937:16)
    at listenInCluster (node:net:1994:12)
    at Server.listen (node:net:2099:7)
    at Function.listen (C:\Users\Adrian\Documents\mentitaa\vegetarian_restaurant_backend\node_modules\express\lib\application.js:635:24)
    at Object.<anonymous> (C:\Users\Adrian\Documents\mentitaa\vegetarian_restaurant_backend\src\server.js:10:20)
    at Module._compile (node:internal/modules/cjs/loader:1554:14)
    at Object..js (node:internal/modules/cjs/loader:1706:10)
    at Module.load (node:internal/modules/cjs/loader:1289:32)
    at Function._load (node:internal/modules/cjs/loader:1108:12)
    at TracingChannel.traceSync (node:diagnostics_channel:322:14)
